CRITICAL - 2024-06-12 03:45:20 --> ErrorException: Undefined property: Config\Validation::$usersRules
[Method: POST, Route: Api/V1/users/register]
in APPPATH\Controllers\Api\V1\UserController.php on line 185.
 1 APPPATH\Controllers\Api\V1\UserController.php(185): CodeIgniter\Debug\Exceptions->errorHandler(2, 'Undefined property: Config\\Validation::$usersRules', 'C:\\laragon\\www\\eztaller\\proys\\my-online-course-platform\\back\\app\\Controllers\\Api\\V1\\UserController.php', 185)
 2 SYSTEMPATH\CodeIgniter.php(933): App\Controllers\Api\V1\UserController->register()
 3 SYSTEMPATH\CodeIgniter.php(509): CodeIgniter\CodeIgniter->runController(Object(App\Controllers\Api\V1\UserController))
 4 SYSTEMPATH\CodeIgniter.php(355): CodeIgniter\CodeIgniter->handleRequest(null, Object(Config\Cache), false)
 5 SYSTEMPATH\Boot.php(325): CodeIgniter\CodeIgniter->run()
 6 SYSTEMPATH\Boot.php(67): CodeIgniter\Boot::runCodeIgniter(Object(CodeIgniter\CodeIgniter))
 7 FCPATH\index.php(56): CodeIgniter\Boot::bootWeb(Object(Config\Paths))
CRITICAL - 2024-06-12 03:45:58 --> ErrorException: Undefined property: Config\Validation::$usersRules
[Method: POST, Route: Api/V1/users/register]
in APPPATH\Controllers\Api\V1\UserController.php on line 185.
 1 APPPATH\Controllers\Api\V1\UserController.php(185): CodeIgniter\Debug\Exceptions->errorHandler(2, 'Undefined property: Config\\Validation::$usersRules', 'C:\\laragon\\www\\eztaller\\proys\\my-online-course-platform\\back\\app\\Controllers\\Api\\V1\\UserController.php', 185)
 2 SYSTEMPATH\CodeIgniter.php(933): App\Controllers\Api\V1\UserController->register()
 3 SYSTEMPATH\CodeIgniter.php(509): CodeIgniter\CodeIgniter->runController(Object(App\Controllers\Api\V1\UserController))
 4 SYSTEMPATH\CodeIgniter.php(355): CodeIgniter\CodeIgniter->handleRequest(null, Object(Config\Cache), false)
 5 SYSTEMPATH\Boot.php(325): CodeIgniter\CodeIgniter->run()
 6 SYSTEMPATH\Boot.php(67): CodeIgniter\Boot::runCodeIgniter(Object(CodeIgniter\CodeIgniter))
 7 FCPATH\index.php(56): CodeIgniter\Boot::bootWeb(Object(Config\Paths))
CRITICAL - 2024-06-12 03:46:04 --> ErrorException: Undefined property: Config\Validation::$usersRules
[Method: POST, Route: Api/V1/users/register]
in APPPATH\Controllers\Api\V1\UserController.php on line 185.
 1 APPPATH\Controllers\Api\V1\UserController.php(185): CodeIgniter\Debug\Exceptions->errorHandler(2, 'Undefined property: Config\\Validation::$usersRules', 'C:\\laragon\\www\\eztaller\\proys\\my-online-course-platform\\back\\app\\Controllers\\Api\\V1\\UserController.php', 185)
 2 SYSTEMPATH\CodeIgniter.php(933): App\Controllers\Api\V1\UserController->register()
 3 SYSTEMPATH\CodeIgniter.php(509): CodeIgniter\CodeIgniter->runController(Object(App\Controllers\Api\V1\UserController))
 4 SYSTEMPATH\CodeIgniter.php(355): CodeIgniter\CodeIgniter->handleRequest(null, Object(Config\Cache), false)
 5 SYSTEMPATH\Boot.php(325): CodeIgniter\CodeIgniter->run()
 6 SYSTEMPATH\Boot.php(67): CodeIgniter\Boot::runCodeIgniter(Object(CodeIgniter\CodeIgniter))
 7 FCPATH\index.php(56): CodeIgniter\Boot::bootWeb(Object(Config\Paths))
